app/build/intermediates/manifest_merge_blame_file/debug/manifest-merger-blame-debug-report.txt
1<?xml version="1.0" encoding="utf-8"?>
2<manifest xmlns:android="http://schemas.android.com/apk/res/android"
3    package="com.example.vande.scouting2018"
4    android:versionCode="1"
5    android:versionName="1.0" >
6
7    <uses-sdk
8        android:minSdkVersion="17"
8-->src\main\AndroidManifest.xml
9        android:targetSdkVersion="26" />
9-->src\main\AndroidManifest.xml
10
11    <uses-permission android:name="android.permission.CAMERA" />
11-->src\main\AndroidManifest.xml:36:5-65
11-->src\main\AndroidManifest.xml:36:22-62
12    <uses-permission android:name="android.permission.WRITE_EXTERNAL_STORAGE" />
12-->src\main\AndroidManifest.xml:37:5-81
12-->src\main\AndroidManifest.xml:37:22-78
13    <uses-permission android:name="android.permission.READ_EXTERNAL_STORAGE" />
13-->src\main\AndroidManifest.xml:38:5-80
13-->src\main\AndroidManifest.xml:38:22-77
14
15    <application
15-->src\main\AndroidManifest.xml:5:5-34:19
16        android:allowBackup="true"
16-->src\main\AndroidManifest.xml:6:9-35
17        android:debuggable="true"
18        android:icon="@mipmap/ic_launcher"
18-->src\main\AndroidManifest.xml:7:9-43
19        android:label="@string/app_name"
19-->src\main\AndroidManifest.xml:8:9-41
20        android:roundIcon="@mipmap/ic_launcher_round"
20-->src\main\AndroidManifest.xml:9:9-54
21        android:supportsRtl="true"
21-->src\main\AndroidManifest.xml:10:9-35
22        android:testOnly="true"
23        android:theme="@style/AppTheme" >
23-->src\main\AndroidManifest.xml:11:9-40
24        <activity android:name="com.example.vande.scouting2022.MainActivity" >
24-->src\main\AndroidManifest.xml:12:9-18:20
24-->src\main\AndroidManifest.xml:12:19-77
25            <intent-filter>
25-->src\main\AndroidManifest.xml:13:13-17:29
26                <action android:name="android.intent.action.MAIN" />
26-->src\main\AndroidManifest.xml:14:17-69
26-->src\main\AndroidManifest.xml:14:25-66
27
28                <category android:name="android.intent.category.LAUNCHER" />
28-->src\main\AndroidManifest.xml:16:17-77
28-->src\main\AndroidManifest.xml:16:27-74
29            </intent-filter>
30        </activity>
31        <activity android:name="com.example.vande.scouting2022.ScouterInitialsActivity" />
31-->src\main\AndroidManifest.xml:19:9-100
31-->src\main\AndroidManifest.xml:19:19-88
32        <activity android:name="com.example.vande.scouting2022.AutonActivity" />
32-->src\main\AndroidManifest.xml:20:9-90
32-->src\main\AndroidManifest.xml:20:19-78
33        <activity android:name="com.example.vande.scouting2022.TeleopActivity" />
33-->src\main\AndroidManifest.xml:21:9-91
33-->src\main\AndroidManifest.xml:21:19-79
34        <activity android:name="com.example.vande.scouting2022.PitActivity" />
34-->src\main\AndroidManifest.xml:22:9-88
34-->src\main\AndroidManifest.xml:22:19-76
35        <activity android:name="com.example.vande.scouting2022.SendDataActivity" />
35-->src\main\AndroidManifest.xml:23:9-93
35-->src\main\AndroidManifest.xml:23:19-81
36
37        <provider
38            android:name="android.support.v4.content.FileProvider"
38-->src\main\AndroidManifest.xml:26:13-67
39            android:authorities="com.example.vande.scouting2018.provider"
39-->src\main\AndroidManifest.xml:27:13-60
40            android:exported="false"
40-->src\main\AndroidManifest.xml:28:13-37
41            android:grantUriPermissions="true" >
41-->src\main\AndroidManifest.xml:29:13-47
42            <meta-data
42-->src\main\AndroidManifest.xml:30:13-32:57
43                android:name="android.support.FILE_PROVIDER_PATHS"
43-->src\main\AndroidManifest.xml:31:17-67
44                android:resource="@xml/provider_paths" />
44-->src\main\AndroidManifest.xml:32:17-55
45        </provider>
46
47        <meta-data
47-->[com.android.support:design:26.0.0] AndroidManifest.xml:26:9-28:38
48            android:name="android.support.VERSION"
48-->[com.android.support:design:26.0.0] AndroidManifest.xml:27:13-51
49            android:value="26.0.0" />
49-->[com.android.support:design:26.0.0] AndroidManifest.xml:28:13-35
50    </application>
51
52</manifest>